elearning-android/app/build/intermediates/manifest_merge_blame_file/debug/processDebugMainManifest/manifest-merger-blame-debug-report.txt
1<?xml version="1.0" encoding="utf-8"?>
2<manifest xmlns:android="http://schemas.android.com/apk/res/android"
3    package="com.elearning.app"
4    android:versionCode="1"
5    android:versionName="1.0.0" >
6
7    <uses-sdk
8        android:minSdkVersion="26"
9        android:targetSdkVersion="35" />
10
11    <!-- Internet & Network -->
12    <uses-permission android:name="android.permission.INTERNET" />
12-->src\main\AndroidManifest.xml:6:5-67
12-->src\main\AndroidManifest.xml:6:22-64
13    <uses-permission android:name="android.permission.ACCESS_NETWORK_STATE" />
13-->src\main\AndroidManifest.xml:7:5-79
13-->src\main\AndroidManifest.xml:7:22-76
14
15    <!-- Camera (QR Scanner) -->
16    <uses-permission android:name="android.permission.CAMERA" />
16-->src\main\AndroidManifest.xml:10:5-65
16-->src\main\AndroidManifest.xml:10:22-62
17
18    <uses-feature
18-->src\main\AndroidManifest.xml:11:5-85
19        android:name="android.hardware.camera"
19-->src\main\AndroidManifest.xml:11:19-57
20        android:required="false" />
20-->src\main\AndroidManifest.xml:11:58-82
21
22    <!-- Notifications -->
23    <uses-permission android:name="android.permission.POST_NOTIFICATIONS" />
23-->src\main\AndroidManifest.xml:14:5-77
23-->src\main\AndroidManifest.xml:14:22-74
24    <uses-permission android:name="android.permission.VIBRATE" />
24-->src\main\AndroidManifest.xml:15:5-66
24-->src\main\AndroidManifest.xml:15:22-63
25
26    <!-- Storage (Offline videos) -->
27    <uses-permission
27-->src\main\AndroidManifest.xml:18:5-19:38
28        android:name="android.permission.READ_EXTERNAL_STORAGE"
28-->src\main\AndroidManifest.xml:18:22-77
29        android:maxSdkVersion="32" />
29-->src\main\AndroidManifest.xml:19:9-35
30
31    <queries>
31-->[net.openid:appauth:0.11.1] AndroidManifest.xml:24:5-32:15
32        <intent>
32-->[net.openid:appauth:0.11.1] AndroidManifest.xml:25:9-31:18
33            <action android:name="android.intent.action.VIEW" />
33-->src\main\AndroidManifest.xml:44:17-69
33-->src\main\AndroidManifest.xml:44:25-66
34
35            <category android:name="android.intent.category.BROWSABLE" />
35-->src\main\AndroidManifest.xml:46:17-78
35-->src\main\AndroidManifest.xml:46:27-75
36
37            <data android:scheme="https" />
37-->src\main\AndroidManifest.xml:47:17-49:53
37-->src\main\AndroidManifest.xml:48:21-55
38        </intent>
39    </queries>
40
41    <uses-permission android:name="android.permission.WAKE_LOCK" />
41-->[com.google.android.gms:play-services-measurement:22.3.0] AndroidManifest.xml:25:5-68
41-->[com.google.android.gms:play-services-measurement:22.3.0] AndroidManifest.xml:25:22-65
42    <uses-permission android:name="com.google.android.finsky.permission.BIND_GET_INSTALL_REFERRER_SERVICE" /> <!-- Required by older versions of Google Play services to create IID tokens -->
42-->[com.google.android.gms:play-services-measurement:22.3.0] AndroidManifest.xml:26:5-110
42-->[com.google.android.gms:play-services-measurement:22.3.0] AndroidManifest.xml:26:22-107
43    <uses-permission android:name="com.google.android.c2dm.permission.RECEIVE" />
43-->[com.google.firebase:firebase-messaging:24.1.0] AndroidManifest.xml:26:5-82
43-->[com.google.firebase:firebase-messaging:24.1.0] AndroidManifest.xml:26:22-79
44    <uses-permission android:name="com.google.android.gms.permission.AD_ID" />
44-->[com.google.android.gms:play-services-measurement-impl:22.3.0] AndroidManifest.xml:27:5-79
44-->[com.google.android.gms:play-services-measurement-impl:22.3.0] AndroidManifest.xml:27:22-76
45    <uses-permission android:name="android.permission.ACCESS_ADSERVICES_ATTRIBUTION" />
45-->[com.google.android.gms:play-services-measurement-api:22.3.0] AndroidManifest.xml:26:5-88
45-->[com.google.android.gms:play-services-measurement-api:22.3.0] AndroidManifest.xml:26:22-85
46    <uses-permission android:name="android.permission.ACCESS_ADSERVICES_AD_ID" />
46-->[com.google.android.gms:play-services-measurement-api:22.3.0] AndroidManifest.xml:27:5-82
46-->[com.google.android.gms:play-services-measurement-api:22.3.0] AndroidManifest.xml:27:22-79
47
48    <permission
48-->[androidx.core:core:1.15.0] AndroidManifest.xml:22:5-24:47
49        android:name="com.elearning.app.DYNAMIC_RECEIVER_NOT_EXPORTED_PERMISSION"
49-->[androidx.core:core:1.15.0] AndroidManifest.xml:23:9-81
50        android:protectionLevel="signature" />
50-->[androidx.core:core:1.15.0] AndroidManifest.xml:24:9-44
51
52    <uses-permission android:name="com.elearning.app.DYNAMIC_RECEIVER_NOT_EXPORTED_PERMISSION" />
52-->[androidx.core:core:1.15.0] AndroidManifest.xml:26:5-97
52-->[androidx.core:core:1.15.0] AndroidManifest.xml:26:22-94
53
54    <application
54-->src\main\AndroidManifest.xml:21:5-82:19
55        android:name="com.elearning.app.ELearningApp"
55-->src\main\AndroidManifest.xml:22:9-37
56        android:allowBackup="true"
56-->src\main\AndroidManifest.xml:23:9-35
57        android:appComponentFactory="androidx.core.app.CoreComponentFactory"
57-->[androidx.core:core:1.15.0] AndroidManifest.xml:28:18-86
58        android:debuggable="true"
59        android:extractNativeLibs="false"
60        android:icon="@drawable/ic_launcher_foreground"
60-->src\main\AndroidManifest.xml:24:9-56
61        android:label="@string/app_name"
61-->src\main\AndroidManifest.xml:25:9-41
62        android:roundIcon="@drawable/ic_launcher_foreground"
62-->src\main\AndroidManifest.xml:26:9-61
63        android:supportsRtl="true"
63-->src\main\AndroidManifest.xml:27:9-35
64        android:theme="@style/Theme.ELearning"
64-->src\main\AndroidManifest.xml:28:9-47
65        android:usesCleartextTraffic="true" >
65-->src\main\AndroidManifest.xml:29:9-44
66        <activity
66-->src\main\AndroidManifest.xml:32:9-51:20
67            android:name="com.elearning.app.presentation.MainActivity"
67-->src\main\AndroidManifest.xml:33:13-54
68            android:exported="true"
68-->src\main\AndroidManifest.xml:34:13-36
69            android:theme="@style/Theme.ELearning.SplashScreen"
69-->src\main\AndroidManifest.xml:36:13-64
70            android:windowSoftInputMode="adjustResize" >
70-->src\main\AndroidManifest.xml:35:13-55
71            <intent-filter>
71-->src\main\AndroidManifest.xml:37:13-40:29
72                <action android:name="android.intent.action.MAIN" />
72-->src\main\AndroidManifest.xml:38:17-69
72-->src\main\AndroidManifest.xml:38:25-66
73
74                <category android:name="android.intent.category.LAUNCHER" />
74-->src\main\AndroidManifest.xml:39:17-77
74-->src\main\AndroidManifest.xml:39:27-74
75            </intent-filter>
76
77            <!-- AppAuth redirect URI -->
78            <intent-filter>
78-->src\main\AndroidManifest.xml:43:13-50:29
79                <action android:name="android.intent.action.VIEW" />
79-->src\main\AndroidManifest.xml:44:17-69
79-->src\main\AndroidManifest.xml:44:25-66
80
81                <category android:name="android.intent.category.DEFAULT" />
81-->src\main\AndroidManifest.xml:45:17-76
81-->src\main\AndroidManifest.xml:45:27-73
82                <category android:name="android.intent.category.BROWSABLE" />
82-->src\main\AndroidManifest.xml:46:17-78
82-->src\main\AndroidManifest.xml:46:27-75
83
84                <data
84-->src\main\AndroidManifest.xml:47:17-49:53
85                    android:host="oauth2redirect"
85-->src\main\AndroidManifest.xml:49:21-50
86                    android:scheme="com.elearning.app" />
86-->src\main\AndroidManifest.xml:48:21-55
87            </intent-filter>
88        </activity>
89
90        <!-- Firebase Cloud Messaging -->
91        <service
91-->src\main\AndroidManifest.xml:54:9-60:19
92            android:name="com.elearning.app.data.notification.ElearningFirebaseMessagingService"
92-->src\main\AndroidManifest.xml:55:13-80
93            android:exported="false" >
93-->src\main\AndroidManifest.xml:56:13-37
94            <intent-filter>
94-->src\main\AndroidManifest.xml:57:13-59:29
95                <action android:name="com.google.firebase.MESSAGING_EVENT" />
95-->src\main\AndroidManifest.xml:58:17-78
95-->src\main\AndroidManifest.xml:58:25-75
96            </intent-filter>
97        </service>
98
99        <!-- FCM Default Notification Channel -->
100        <meta-data
100-->src\main\AndroidManifest.xml:63:9-65:57
101            android:name="com.google.firebase.messaging.default_notification_channel_id"
101-->src\main\AndroidManifest.xml:64:13-89
102            android:value="elearning_default_channel" />
102-->src\main\AndroidManifest.xml:65:13-54
103
104        <!-- AppAuth browser handler -->
105        <activity
105-->src\main\AndroidManifest.xml:68:9-80:20
106            android:name="net.openid.appauth.RedirectUriReceiverActivity"
106-->src\main\AndroidManifest.xml:69:13-74
107            android:exported="true" >
107-->src\main\AndroidManifest.xml:70:13-36
108            <intent-filter>
108-->src\main\AndroidManifest.xml:43:13-50:29
109                <action android:name="android.intent.action.VIEW" />
109-->src\main\AndroidManifest.xml:44:17-69
109-->src\main\AndroidManifest.xml:44:25-66
110
111                <category android:name="android.intent.category.DEFAULT" />
111-->src\main\AndroidManifest.xml:45:17-76
111-->src\main\AndroidManifest.xml:45:27-73
112                <category android:name="android.intent.category.BROWSABLE" />
112-->src\main\AndroidManifest.xml:46:17-78
112-->src\main\AndroidManifest.xml:46:27-75
113
114                <data
114-->src\main\AndroidManifest.xml:47:17-49:53
115                    android:host="oauth2redirect"
115-->src\main\AndroidManifest.xml:49:21-50
116                    android:scheme="com.elearning.app" />
116-->src\main\AndroidManifest.xml:48:21-55
117            </intent-filter>
118        </activity>
119
120        <service
120-->[androidx.room:room-runtime-android:2.7.0] AndroidManifest.xml:24:9-28:63
121            android:name="androidx.room.MultiInstanceInvalidationService"
121-->[androidx.room:room-runtime-android:2.7.0] AndroidManifest.xml:25:13-74
122            android:directBootAware="true"
122-->[androidx.room:room-runtime-android:2.7.0] AndroidManifest.xml:26:13-43
123            android:exported="false" />
123-->[androidx.room:room-runtime-android:2.7.0] AndroidManifest.xml:27:13-37
124        <service
124-->[androidx.camera:camera-camera2:1.4.2] AndroidManifest.xml:24:9-33:19
125            android:name="androidx.camera.core.impl.MetadataHolderService"
125-->[androidx.camera:camera-camera2:1.4.2] AndroidManifest.xml:25:13-75
126            android:enabled="false"
126-->[androidx.camera:camera-camera2:1.4.2] AndroidManifest.xml:26:13-36
127            android:exported="false" >
127-->[androidx.camera:camera-camera2:1.4.2] AndroidManifest.xml:27:13-37
128            <meta-data
128-->[androidx.camera:camera-camera2:1.4.2] AndroidManifest.xml:30:13-32:89
129                android:name="androidx.camera.core.impl.MetadataHolderService.DEFAULT_CONFIG_PROVIDER"
129-->[androidx.camera:camera-camera2:1.4.2] AndroidManifest.xml:31:17-103
130                android:value="androidx.camera.camera2.Camera2Config$DefaultProvider" />
130-->[androidx.camera:camera-camera2:1.4.2] AndroidManifest.xml:32:17-86
131        </service>
132
133        <activity
133-->[net.openid:appauth:0.11.1] AndroidManifest.xml:35:9-40:77
134            android:name="net.openid.appauth.AuthorizationManagementActivity"
134-->[net.openid:appauth:0.11.1] AndroidManifest.xml:36:13-78
135            android:configChanges="screenSize|smallestScreenSize|screenLayout|orientation|keyboard|keyboardHidden"
135-->[net.openid:appauth:0.11.1] AndroidManifest.xml:37:13-115
136            android:exported="false"
136-->[net.openid:appauth:0.11.1] AndroidManifest.xml:38:13-37
137            android:launchMode="singleTask"
137-->[net.openid:appauth:0.11.1] AndroidManifest.xml:39:13-44
138            android:theme="@style/Theme.AppCompat.Translucent.NoTitleBar" />
138-->[net.openid:appauth:0.11.1] AndroidManifest.xml:40:13-74
139
140        <service
140-->[com.google.android.gms:play-services-mlkit-barcode-scanning:18.3.1] AndroidManifest.xml:9:9-15:19
141            android:name="com.google.mlkit.common.internal.MlKitComponentDiscoveryService"
141-->[com.google.android.gms:play-services-mlkit-barcode-scanning:18.3.1] AndroidManifest.xml:10:13-91
142            android:directBootAware="true"
142-->[com.google.mlkit:common:18.11.0] AndroidManifest.xml:17:13-43
143            android:exported="false" >
143-->[com.google.android.gms:play-services-mlkit-barcode-scanning:18.3.1] AndroidManifest.xml:11:13-37
144            <meta-data
144-->[com.google.android.gms:play-services-mlkit-barcode-scanning:18.3.1] AndroidManifest.xml:12:13-14:85
145                android:name="com.google.firebase.components:com.google.mlkit.vision.barcode.internal.BarcodeRegistrar"
145-->[com.google.android.gms:play-services-mlkit-barcode-scanning:18.3.1] AndroidManifest.xml:13:17-120
146                android:value="com.google.firebase.components.ComponentRegistrar" />
146-->[com.google.android.gms:play-services-mlkit-barcode-scanning:18.3.1] AndroidManifest.xml:14:17-82
147            <meta-data
147-->[com.google.mlkit:vision-common:17.3.0] AndroidManifest.xml:12:13-14:85
148                android:name="com.google.firebase.components:com.google.mlkit.vision.common.internal.VisionCommonRegistrar"
148-->[com.google.mlkit:vision-common:17.3.0] AndroidManifest.xml:13:17-124
149                android:value="com.google.firebase.components.ComponentRegistrar" />
149-->[com.google.mlkit:vision-common:17.3.0] AndroidManifest.xml:14:17-82
150            <meta-data
150-->[com.google.mlkit:common:18.11.0] AndroidManifest.xml:20:13-22:85
151                android:name="com.google.firebase.components:com.google.mlkit.common.internal.CommonComponentRegistrar"
151-->[com.google.mlkit:common:18.11.0] AndroidManifest.xml:21:17-120
152                android:value="com.google.firebase.components.ComponentRegistrar" />
152-->[com.google.mlkit:common:18.11.0] AndroidManifest.xml:22:17-82
153        </service>
154
155        <provider
155-->[com.google.mlkit:common:18.11.0] AndroidManifest.xml:9:9-13:38
156            android:name="com.google.mlkit.common.internal.MlKitInitProvider"
156-->[com.google.mlkit:common:18.11.0] AndroidManifest.xml:10:13-78
157            android:authorities="com.elearning.app.mlkitinitprovider"
157-->[com.google.mlkit:common:18.11.0] AndroidManifest.xml:11:13-69
158            android:exported="false"
158-->[com.google.mlkit:common:18.11.0] AndroidManifest.xml:12:13-37
159            android:initOrder="99" />
159-->[com.google.mlkit:common:18.11.0] AndroidManifest.xml:13:13-35
160
161        <activity
161-->[androidx.compose.ui:ui-tooling-android:1.7.8] AndroidManifest.xml:23:9-25:39
162            android:name="androidx.compose.ui.tooling.PreviewActivity"
162-->[androidx.compose.ui:ui-tooling-android:1.7.8] AndroidManifest.xml:24:13-71
163            android:exported="true" />
163-->[androidx.compose.ui:ui-tooling-android:1.7.8] AndroidManifest.xml:25:13-36
164
165        <uses-library
165-->[androidx.window:window:1.3.0] AndroidManifest.xml:23:9-25:40
166            android:name="androidx.window.extensions"
166-->[androidx.window:window:1.3.0] AndroidManifest.xml:24:13-54
167            android:required="false" />
167-->[androidx.window:window:1.3.0] AndroidManifest.xml:25:13-37
168        <uses-library
168-->[androidx.window:window:1.3.0] AndroidManifest.xml:26:9-28:40
169            android:name="androidx.window.sidecar"
169-->[androidx.window:window:1.3.0] AndroidManifest.xml:27:13-51
170            android:required="false" />
170-->[androidx.window:window:1.3.0] AndroidManifest.xml:28:13-37
171
172        <service
172-->[com.google.firebase:firebase-analytics-ktx:22.3.0] AndroidManifest.xml:8:9-14:19
173            android:name="com.google.firebase.components.ComponentDiscoveryService"
173-->[com.google.firebase:firebase-analytics-ktx:22.3.0] AndroidManifest.xml:9:13-84
174            android:directBootAware="true"
174-->[com.google.firebase:firebase-common:21.0.0] AndroidManifest.xml:32:13-43
175            android:exported="false" >
175-->[com.google.firebase:firebase-analytics-ktx:22.3.0] AndroidManifest.xml:10:13-37
176            <meta-data
176-->[com.google.firebase:firebase-analytics-ktx:22.3.0] AndroidManifest.xml:11:13-13:85
177                android:name="com.google.firebase.components:com.google.firebase.analytics.ktx.FirebaseAnalyticsLegacyRegistrar"
177-->[com.google.firebase:firebase-analytics-ktx:22.3.0] AndroidManifest.xml:12:17-129
178                android:value="com.google.firebase.components.ComponentRegistrar" />
178-->[com.google.firebase:firebase-analytics-ktx:22.3.0] AndroidManifest.xml:13:17-82
179            <meta-data
179-->[com.google.firebase:firebase-messaging-ktx:24.1.0] AndroidManifest.xml:26:13-28:85
180                android:name="com.google.firebase.components:com.google.firebase.messaging.ktx.FirebaseMessagingLegacyRegistrar"
180-->[com.google.firebase:firebase-messaging-ktx:24.1.0] AndroidManifest.xml:27:17-129
181                android:value="com.google.firebase.components.ComponentRegistrar" />
181-->[com.google.firebase:firebase-messaging-ktx:24.1.0] AndroidManifest.xml:28:17-82
182            <meta-data
182-->[com.google.firebase:firebase-messaging:24.1.0] AndroidManifest.xml:57:13-59:85
183                android:name="com.google.firebase.components:com.google.firebase.messaging.FirebaseMessagingKtxRegistrar"
183-->[com.google.firebase:firebase-messaging:24.1.0] AndroidManifest.xml:58:17-122
184                android:value="com.google.firebase.components.ComponentRegistrar" />
184-->[com.google.firebase:firebase-messaging:24.1.0] AndroidManifest.xml:59:17-82
185            <meta-data
185-->[com.google.firebase:firebase-messaging:24.1.0] AndroidManifest.xml:60:13-62:85
186                android:name="com.google.firebase.components:com.google.firebase.messaging.FirebaseMessagingRegistrar"
186-->[com.google.firebase:firebase-messaging:24.1.0] AndroidManifest.xml:61:17-119
187                android:value="com.google.firebase.components.ComponentRegistrar" />
187-->[com.google.firebase:firebase-messaging:24.1.0] AndroidManifest.xml:62:17-82
188            <meta-data
188-->[com.google.android.gms:play-services-measurement-api:22.3.0] AndroidManifest.xml:33:13-35:85
189                android:name="com.google.firebase.components:com.google.firebase.analytics.connector.internal.AnalyticsConnectorRegistrar"
189-->[com.google.android.gms:play-services-measurement-api:22.3.0] AndroidManifest.xml:34:17-139
190                android:value="com.google.firebase.components.ComponentRegistrar" />
190-->[com.google.android.gms:play-services-measurement-api:22.3.0] AndroidManifest.xml:35:17-82
191            <meta-data
191-->[com.google.firebase:firebase-installations:18.0.0] AndroidManifest.xml:15:13-17:85
192                android:name="com.google.firebase.components:com.google.firebase.installations.FirebaseInstallationsKtxRegistrar"
192-->[com.google.firebase:firebase-installations:18.0.0] AndroidManifest.xml:16:17-130
193                android:value="com.google.firebase.components.ComponentRegistrar" />
193-->[com.google.firebase:firebase-installations:18.0.0] AndroidManifest.xml:17:17-82
194            <meta-data
194-->[com.google.firebase:firebase-installations:18.0.0] AndroidManifest.xml:18:13-20:85
195                android:name="com.google.firebase.components:com.google.firebase.installations.FirebaseInstallationsRegistrar"
195-->[com.google.firebase:firebase-installations:18.0.0] AndroidManifest.xml:19:17-127
196                android:value="com.google.firebase.components.ComponentRegistrar" />
196-->[com.google.firebase:firebase-installations:18.0.0] AndroidManifest.xml:20:17-82
197            <meta-data
197-->[com.google.firebase:firebase-common-ktx:21.0.0] AndroidManifest.xml:12:13-14:85
198                android:name="com.google.firebase.components:com.google.firebase.ktx.FirebaseCommonLegacyRegistrar"
198-->[com.google.firebase:firebase-common-ktx:21.0.0] AndroidManifest.xml:13:17-116
199                android:value="com.google.firebase.components.ComponentRegistrar" />
199-->[com.google.firebase:firebase-common-ktx:21.0.0] AndroidManifest.xml:14:17-82
200            <meta-data
200-->[com.google.firebase:firebase-common:21.0.0] AndroidManifest.xml:35:13-37:85
201                android:name="com.google.firebase.components:com.google.firebase.FirebaseCommonKtxRegistrar"
201-->[com.google.firebase:firebase-common:21.0.0] AndroidManifest.xml:36:17-109
202                android:value="com.google.firebase.components.ComponentRegistrar" />
202-->[com.google.firebase:firebase-common:21.0.0] AndroidManifest.xml:37:17-82
203            <meta-data
203-->[com.google.firebase:firebase-datatransport:18.2.0] AndroidManifest.xml:25:13-27:85
204                android:name="com.google.firebase.components:com.google.firebase.datatransport.TransportRegistrar"
204-->[com.google.firebase:firebase-datatransport:18.2.0] AndroidManifest.xml:26:17-115
205                android:value="com.google.firebase.components.ComponentRegistrar" />
205-->[com.google.firebase:firebase-datatransport:18.2.0] AndroidManifest.xml:27:17-82
206        </service>
207
208        <receiver
208-->[com.google.android.gms:play-services-measurement:22.3.0] AndroidManifest.xml:29:9-33:20
209            android:name="com.google.android.gms.measurement.AppMeasurementReceiver"
209-->[com.google.android.gms:play-services-measurement:22.3.0] AndroidManifest.xml:30:13-85
210            android:enabled="true"
210-->[com.google.android.gms:play-services-measurement:22.3.0] AndroidManifest.xml:31:13-35
211            android:exported="false" >
211-->[com.google.android.gms:play-services-measurement:22.3.0] AndroidManifest.xml:32:13-37
212        </receiver>
213
214        <service
214-->[com.google.android.gms:play-services-measurement:22.3.0] AndroidManifest.xml:35:9-38:40
215            android:name="com.google.android.gms.measurement.AppMeasurementService"
215-->[com.google.android.gms:play-services-measurement:22.3.0] AndroidManifest.xml:36:13-84
216            android:enabled="true"
216-->[com.google.android.gms:play-services-measurement:22.3.0] AndroidManifest.xml:37:13-35
217            android:exported="false" />
217-->[com.google.android.gms:play-services-measurement:22.3.0] AndroidManifest.xml:38:13-37
218        <service
218-->[com.google.android.gms:play-services-measurement:22.3.0] AndroidManifest.xml:39:9-43:72
219            android:name="com.google.android.gms.measurement.AppMeasurementJobService"
219-->[com.google.android.gms:play-services-measurement:22.3.0] AndroidManifest.xml:40:13-87
220            android:enabled="true"
220-->[com.google.android.gms:play-services-measurement:22.3.0] AndroidManifest.xml:41:13-35
221            android:exported="false"
221-->[com.google.android.gms:play-services-measurement:22.3.0] AndroidManifest.xml:42:13-37
222            android:permission="android.permission.BIND_JOB_SERVICE" />
222-->[com.google.android.gms:play-services-measurement:22.3.0] AndroidManifest.xml:43:13-69
223
224        <receiver
224-->[com.google.firebase:firebase-messaging:24.1.0] AndroidManifest.xml:29:9-40:20
225            android:name="com.google.firebase.iid.FirebaseInstanceIdReceiver"
225-->[com.google.firebase:firebase-messaging:24.1.0] AndroidManifest.xml:30:13-78
226            android:exported="true"
226-->[com.google.firebase:firebase-messaging:24.1.0] AndroidManifest.xml:31:13-36
227            android:permission="com.google.android.c2dm.permission.SEND" >
227-->[com.google.firebase:firebase-messaging:24.1.0] AndroidManifest.xml:32:13-73
228            <intent-filter>
228-->[com.google.firebase:firebase-messaging:24.1.0] AndroidManifest.xml:33:13-35:29
229                <action android:name="com.google.android.c2dm.intent.RECEIVE" />
229-->[com.google.firebase:firebase-messaging:24.1.0] AndroidManifest.xml:34:17-81
229-->[com.google.firebase:firebase-messaging:24.1.0] AndroidManifest.xml:34:25-78
230            </intent-filter>
231
232            <meta-data
232-->[com.google.firebase:firebase-messaging:24.1.0] AndroidManifest.xml:37:13-39:40
233                android:name="com.google.android.gms.cloudmessaging.FINISHED_AFTER_HANDLED"
233-->[com.google.firebase:firebase-messaging:24.1.0] AndroidManifest.xml:38:17-92
234                android:value="true" />
234-->[com.google.firebase:firebase-messaging:24.1.0] AndroidManifest.xml:39:17-37
235        </receiver>
236        <!--
237             FirebaseMessagingService performs security checks at runtime,
238             but set to not exported to explicitly avoid allowing another app to call it.
239        -->
240        <service
240-->[com.google.firebase:firebase-messaging:24.1.0] AndroidManifest.xml:46:9-53:19
241            android:name="com.google.firebase.messaging.FirebaseMessagingService"
241-->[com.google.firebase:firebase-messaging:24.1.0] AndroidManifest.xml:47:13-82
242            android:directBootAware="true"
242-->[com.google.firebase:firebase-messaging:24.1.0] AndroidManifest.xml:48:13-43
243            android:exported="false" >
243-->[com.google.firebase:firebase-messaging:24.1.0] AndroidManifest.xml:49:13-37
244            <intent-filter android:priority="-500" >
244-->src\main\AndroidManifest.xml:57:13-59:29
245                <action android:name="com.google.firebase.MESSAGING_EVENT" />
245-->src\main\AndroidManifest.xml:58:17-78
245-->src\main\AndroidManifest.xml:58:25-75
246            </intent-filter>
247        </service>
248
249        <activity
249-->[com.google.android.gms:play-services-base:18.5.0] AndroidManifest.xml:5:9-173
250            android:name="com.google.android.gms.common.api.GoogleApiActivity"
250-->[com.google.android.gms:play-services-base:18.5.0] AndroidManifest.xml:5:19-85
251            android:exported="false"
251-->[com.google.android.gms:play-services-base:18.5.0] AndroidManifest.xml:5:146-170
252            android:theme="@android:style/Theme.Translucent.NoTitleBar" />
252-->[com.google.android.gms:play-services-base:18.5.0] AndroidManifest.xml:5:86-145
253
254        <provider
254-->[com.google.firebase:firebase-common:21.0.0] AndroidManifest.xml:23:9-28:39
255            android:name="com.google.firebase.provider.FirebaseInitProvider"
255-->[com.google.firebase:firebase-common:21.0.0] AndroidManifest.xml:24:13-77
256            android:authorities="com.elearning.app.firebaseinitprovider"
256-->[com.google.firebase:firebase-common:21.0.0] AndroidManifest.xml:25:13-72
257            android:directBootAware="true"
257-->[com.google.firebase:firebase-common:21.0.0] AndroidManifest.xml:26:13-43
258            android:exported="false"
258-->[com.google.firebase:firebase-common:21.0.0] AndroidManifest.xml:27:13-37
259            android:initOrder="100" />
259-->[com.google.firebase:firebase-common:21.0.0] AndroidManifest.xml:28:13-36
260        <provider
260-->[androidx.emoji2:emoji2:1.3.0] AndroidManifest.xml:24:9-32:20
261            android:name="androidx.startup.InitializationProvider"
261-->[androidx.emoji2:emoji2:1.3.0] AndroidManifest.xml:25:13-67
262            android:authorities="com.elearning.app.androidx-startup"
262-->[androidx.emoji2:emoji2:1.3.0] AndroidManifest.xml:26:13-68
263            android:exported="false" >
263-->[androidx.emoji2:emoji2:1.3.0] AndroidManifest.xml:27:13-37
264            <meta-data
264-->[androidx.emoji2:emoji2:1.3.0] AndroidManifest.xml:29:13-31:52
265                android:name="androidx.emoji2.text.EmojiCompatInitializer"
265-->[androidx.emoji2:emoji2:1.3.0] AndroidManifest.xml:30:17-75
266                android:value="androidx.startup" />
266-->[androidx.emoji2:emoji2:1.3.0] AndroidManifest.xml:31:17-49
267            <meta-data
267-->[androidx.lifecycle:lifecycle-process:2.8.7] AndroidManifest.xml:29:13-31:52
268                android:name="androidx.lifecycle.ProcessLifecycleInitializer"
268-->[androidx.lifecycle:lifecycle-process:2.8.7] AndroidManifest.xml:30:17-78
269                android:value="androidx.startup" />
269-->[androidx.lifecycle:lifecycle-process:2.8.7] AndroidManifest.xml:31:17-49
270            <meta-data
270-->[androidx.profileinstaller:profileinstaller:1.4.1] AndroidManifest.xml:29:13-31:52
271                android:name="androidx.profileinstaller.ProfileInstallerInitializer"
271-->[androidx.profileinstaller:profileinstaller:1.4.1] AndroidManifest.xml:30:17-85
272                android:value="androidx.startup" />
272-->[androidx.profileinstaller:profileinstaller:1.4.1] AndroidManifest.xml:31:17-49
273        </provider>
274
275        <uses-library
275-->[androidx.privacysandbox.ads:ads-adservices:1.1.0-beta11] AndroidManifest.xml:23:9-25:40
276            android:name="android.ext.adservices"
276-->[androidx.privacysandbox.ads:ads-adservices:1.1.0-beta11] AndroidManifest.xml:24:13-50
277            android:required="false" />
277-->[androidx.privacysandbox.ads:ads-adservices:1.1.0-beta11] AndroidManifest.xml:25:13-37
278
279        <meta-data
279-->[com.google.android.gms:play-services-basement:18.5.0] AndroidManifest.xml:21:9-23:69
280            android:name="com.google.android.gms.version"
280-->[com.google.android.gms:play-services-basement:18.5.0] AndroidManifest.xml:22:13-58
281            android:value="@integer/google_play_services_version" />
281-->[com.google.android.gms:play-services-basement:18.5.0] AndroidManifest.xml:23:13-66
282
283        <activity
283-->[androidx.compose.ui:ui-test-manifest:1.7.8] AndroidManifest.xml:23:9-25:39
284            android:name="androidx.activity.ComponentActivity"
284-->[androidx.compose.ui:ui-test-manifest:1.7.8] AndroidManifest.xml:24:13-63
285            android:exported="true" />
285-->[androidx.compose.ui:ui-test-manifest:1.7.8] AndroidManifest.xml:25:13-36
286
287        <receiver